============================================================
[BATCH] 開始執行全部 KAIST 序列
============================================================

>>> [START] urban22-highway <<<
------------------------------------------------------------
[INFO] SEQ: urban22-highway
[INFO] OUT: /mnt/sata4t/ivlab3_data/vins_project/results/kaist/urban22-highway
------------------------------------------------------------
[INFO] Playback finished. Cooling down...
Saved: /mnt/sata4t/ivlab3_data/vins_project/results/kaist/urban22-highway/vins_raw/vio.tum
Rows written: 0
Saved: /mnt/sata4t/ivlab3_data/vins_project/results/kaist/urban22-highway/vins_raw/vio_loop.tum
Rows written: 0
[METRIC] Running EVO...
[INFO] Processing ML Pipeline...
Traceback (most recent call last):
  File "/home/ivlab3/Lucas_ws/Visual/keyframe_pipeline/build_vins_reliability_labels.py", line 503, in <module>
    main()
  File "/home/ivlab3/Lucas_ws/Visual/keyframe_pipeline/build_vins_reliability_labels.py", line 499, in main
    builder.run()
  File "/home/ivlab3/Lucas_ws/Visual/keyframe_pipeline/build_vins_reliability_labels.py", line 275, in run
    gt_rows_raw = read_gt_rows(self.gt_path)
  File "/home/ivlab3/Lucas_ws/Visual/keyframe_pipeline/build_vins_reliability_labels.py", line 136, in read_gt_rows
    return read_tum_rows(path)
  File "/home/ivlab3/Lucas_ws/Visual/keyframe_pipeline/build_vins_reliability_labels.py", line 116, in read_tum_rows
    with open(path, 'r', encoding='utf-8') as f:
FileNotFoundError: [Errno 2] No such file or directory: '/mnt/sata4t/datasets/kaist_complex_urban/extracted/urban22-highway/pose/urban22-highway/global_pose.tum'
[FAIL] urban22-highway 執行失敗

>>> [START] urban23-highway <<<
------------------------------------------------------------
[INFO] SEQ: urban23-highway
[INFO] OUT: /mnt/sata4t/ivlab3_data/vins_project/results/kaist/urban23-highway
------------------------------------------------------------
