============================================================
[BATCH START] 模式: FOG
============================================================
>>> [START] urban28-pankyo (fog) <<<
------------------------------------------------------------
>>> [FOG] 執行序列: urban28-pankyo <<<
------------------------------------------------------------
[FAIL] urban28-pankyo 執行失敗
>>> [START] urban38-pankyo (fog) <<<
------------------------------------------------------------
>>> [FOG] 執行序列: urban38-pankyo <<<
------------------------------------------------------------
[FAIL] urban38-pankyo 執行失敗
>>> [START] urban32-yeouido (fog) <<<
------------------------------------------------------------
>>> [FOG] 執行序列: urban32-yeouido <<<
------------------------------------------------------------
[FAIL] urban32-yeouido 執行失敗
>>> [START] urban34-yeouido (fog) <<<
------------------------------------------------------------
>>> [FOG] 執行序列: urban34-yeouido <<<
------------------------------------------------------------
[FAIL] urban34-yeouido 執行失敗
