============================================================
[BATCH START] 模式: FOG
============================================================
>>> [START] urban28-pankyo (fog) <<<
------------------------------------------------------------
>>> [FOG] 執行序列: urban28-pankyo <<<
------------------------------------------------------------
[INFO] 播放完成，正在儲存資料...
Saved: /mnt/sata4t/ivlab3_data/vins_project/results/kaist/fog/urban28-pankyo/vins_raw/vio.tum
Rows written: 19728
Saved: /mnt/sata4t/ivlab3_data/vins_project/results/kaist/fog/urban28-pankyo/vins_raw/vio_loop.tum
Rows written: 4403
--------------------------------------------------------------------------------
Loaded 136903 stamps and poses from: /mnt/sata4t/datasets/kaist_complex_urban/extracted/urban28-pankyo/pose/urban28-pankyo/global_pose.tum
Loaded 19728 stamps and poses from: /mnt/sata4t/ivlab3_data/vins_project/results/kaist/fog/urban28-pankyo/vins_raw/vio.tum
--------------------------------------------------------------------------------
Synchronizing trajectories...
Found 14021 of max. 19728 possible matching timestamps between...
	/mnt/sata4t/datasets/kaist_complex_urban/extracted/urban28-pankyo/pose/urban28-pankyo/global_pose.tum
and:	/mnt/sata4t/ivlab3_data/vins_project/results/kaist/fog/urban28-pankyo/vins_raw/vio.tum
..with max. time diff.: 0.05 (s) and time offset: 0.0 (s).
--------------------------------------------------------------------------------
Aligning using Umeyama's method...
Rotation of alignment:
[[ 0.96788984 -0.25078416 -0.01722129]
 [ 0.24877598  0.9654586  -0.07746095]
 [ 0.03605242  0.07068942  0.99684664]]
Translation of alignment:
[3.34184093e+05 4.14203409e+06 4.10171218e+00]
Scale correction: 1.0
--------------------------------------------------------------------------------
Compared 14021 absolute pose pairs.
Calculating APE for translation part pose relation...
--------------------------------------------------------------------------------
APE w.r.t. translation part (m)
(with SE(3) Umeyama alignment)

       max	6627.375348
      mean	1945.678383
    median	1859.572871
       min	402.435523
      rmse	2272.275562
       sse	72393735187.665436
       std	1173.700073

--------------------------------------------------------------------------------
Loaded 136903 stamps and poses from: /mnt/sata4t/datasets/kaist_complex_urban/extracted/urban28-pankyo/pose/urban28-pankyo/global_pose.tum
Loaded 19728 stamps and poses from: /mnt/sata4t/ivlab3_data/vins_project/results/kaist/fog/urban28-pankyo/vins_raw/vio.tum
--------------------------------------------------------------------------------
Synchronizing trajectories...
Found 14021 of max. 19728 possible matching timestamps between...
	/mnt/sata4t/datasets/kaist_complex_urban/extracted/urban28-pankyo/pose/urban28-pankyo/global_pose.tum
and:	/mnt/sata4t/ivlab3_data/vins_project/results/kaist/fog/urban28-pankyo/vins_raw/vio.tum
..with max. time diff.: 0.05 (s) and time offset: 0.0 (s).
--------------------------------------------------------------------------------
Aligning using Umeyama's method...
Rotation of alignment:
[[ 0.96788984 -0.25078416 -0.01722129]
 [ 0.24877598  0.9654586  -0.07746095]
 [ 0.03605242  0.07068942  0.99684664]]
Translation of alignment:
[3.34184093e+05 4.14203409e+06 4.10171218e+00]
Scale correction: 1.0
--------------------------------------------------------------------------------
Found 1294 pairs with delta 10.0 (m) among 14021 poses using consecutive pairs.
Compared 1294 relative pose pairs, delta = 10.0 (m) with consecutive pairs.
Calculating RPE for translation part pose relation...
--------------------------------------------------------------------------------
RPE w.r.t. translation part (m)
for delta = 10.0 (m) using consecutive pairs
(with SE(3) Umeyama alignment)

       max	1861.141933
      mean	12.659562
    median	6.648049
       min	0.235369
      rmse	67.611645
       sse	5915306.967633
       std	66.415887

--------------------------------------------------------------------------------
Loaded 136903 stamps and poses from: /mnt/sata4t/datasets/kaist_complex_urban/extracted/urban28-pankyo/pose/urban28-pankyo/global_pose.tum
Loaded 4403 stamps and poses from: /mnt/sata4t/ivlab3_data/vins_project/results/kaist/fog/urban28-pankyo/vins_raw/vio_loop.tum
--------------------------------------------------------------------------------
Synchronizing trajectories...
Found 3918 of max. 4403 possible matching timestamps between...
	/mnt/sata4t/datasets/kaist_complex_urban/extracted/urban28-pankyo/pose/urban28-pankyo/global_pose.tum
and:	/mnt/sata4t/ivlab3_data/vins_project/results/kaist/fog/urban28-pankyo/vins_raw/vio_loop.tum
..with max. time diff.: 0.05 (s) and time offset: 0.0 (s).
--------------------------------------------------------------------------------
Aligning using Umeyama's method...
Rotation of alignment:
[[ 0.95148379 -0.30691979 -0.02188225]
 [ 0.30580856  0.95111494 -0.04314502]
 [ 0.03405459  0.03436     0.99882915]]
Translation of alignment:
[ 3.33633301e+05  4.14188937e+06 -2.13971129e+01]
Scale correction: 1.0
--------------------------------------------------------------------------------
Compared 3918 absolute pose pairs.
Calculating APE for translation part pose relation...
--------------------------------------------------------------------------------
APE w.r.t. translation part (m)
(with SE(3) Umeyama alignment)

       max	6591.066013
      mean	1708.389865
    median	1468.205013
       min	740.554545
      rmse	1950.469839
       sse	14905375096.125154
       std	941.135836

--------------------------------------------------------------------------------
Loaded 136903 stamps and poses from: /mnt/sata4t/datasets/kaist_complex_urban/extracted/urban28-pankyo/pose/urban28-pankyo/global_pose.tum
Loaded 4403 stamps and poses from: /mnt/sata4t/ivlab3_data/vins_project/results/kaist/fog/urban28-pankyo/vins_raw/vio_loop.tum
--------------------------------------------------------------------------------
Synchronizing trajectories...
Found 3918 of max. 4403 possible matching timestamps between...
	/mnt/sata4t/datasets/kaist_complex_urban/extracted/urban28-pankyo/pose/urban28-pankyo/global_pose.tum
and:	/mnt/sata4t/ivlab3_data/vins_project/results/kaist/fog/urban28-pankyo/vins_raw/vio_loop.tum
..with max. time diff.: 0.05 (s) and time offset: 0.0 (s).
--------------------------------------------------------------------------------
Aligning using Umeyama's method...
Rotation of alignment:
[[ 0.95148379 -0.30691979 -0.02188225]
 [ 0.30580856  0.95111494 -0.04314502]
 [ 0.03405459  0.03436     0.99882915]]
Translation of alignment:
[ 3.33633301e+05  4.14188937e+06 -2.13971129e+01]
Scale correction: 1.0
--------------------------------------------------------------------------------
Found 877 pairs with delta 10.0 (m) among 3918 poses using consecutive pairs.
Compared 877 relative pose pairs, delta = 10.0 (m) with consecutive pairs.
Calculating RPE for translation part pose relation...
--------------------------------------------------------------------------------
RPE w.r.t. translation part (m)
for delta = 10.0 (m) using consecutive pairs
(with SE(3) Umeyama alignment)

       max	2166.737097
      mean	16.815831
    median	4.703994
       min	0.169023
      rmse	90.074660
       sse	7115490.683304
       std	88.491085

[OK] labels -> /mnt/sata4t/ivlab3_data/vins_project/results/kaist/fog/urban28-pankyo/admission/labels/reliability_labels_vins.csv
[OK] summary -> /mnt/sata4t/ivlab3_data/vins_project/results/kaist/fog/urban28-pankyo/admission/labels/reliability_labels_summary.json
{
  "feature_csv": "/mnt/sata4t/ivlab3_data/vins_project/results/kaist/fog/urban28-pankyo/admission/features/reliability_features_vins.csv",
  "gt_path": "/mnt/sata4t/datasets/kaist_complex_urban/extracted/urban28-pankyo/pose/urban28-pankyo/global_pose.tum",
  "out_csv": "/mnt/sata4t/ivlab3_data/vins_project/results/kaist/fog/urban28-pankyo/admission/labels/reliability_labels_vins.csv",
  "num_rows": 19727,
  "num_valid_labels": 14184,
  "class_counts": {
    "harmful": 2848,
    "neutral": 5653,
    "helpful": 5683,
    "invalid": 5543
  },
  "horizon_rows": 10,
  "max_match_dt_sec": 0.02,
  "pos_scale": 3540.261362219021,
  "rot_scale": 39.035132549376364,
  "outlier_scale": 0.1290325,
  "helpful_thr": 0.65,
  "harmful_thr": 0.4,
  "label_source": "future_gt_proxy_v2_aligned",
  "note": "GT 先做時間 shift，再用第一個有效 matched pair rigid-align 到 VINS local frame。",
  "feature_first_timestamp": 1544590799.799874,
  "feature_last_timestamp": 1544592772.4302428,
  "gt_first_timestamp_raw": 1544590814.5035336,
  "gt_last_timestamp_raw": 1544592773.1618855,
  "auto_shift_estimate_from_first_timestamps": -14.703659534454346,
  "applied_gt_time_shift_sec": -14.703659534454346,
  "reference_feature_idx": 0,
  "reference_gt_idx": 0,
  "reference_match_dt_sec": 0.0,
  "matched_dt_mean_sec": 0.0025736863242361288,
  "matched_dt_median_sec": 0.002562284469604492,
  "R_align_quat_xyzw": [
    -0.0015063550423906793,
    0.0021287264358050206,
    -0.7050598515977845,
    0.7091430074978938
  ],
  "p_align_xyz": [
    -4142413.117486498,
    308534.71101149713,
    21554.91775306154
  ]
}
[OK] dataset -> /mnt/sata4t/ivlab3_data/vins_project/results/kaist/fog/urban28-pankyo/admission/datasets
[OK] train -> /mnt/sata4t/ivlab3_data/vins_project/results/kaist/fog/urban28-pankyo/admission/datasets/train.npz
[OK] val   -> /mnt/sata4t/ivlab3_data/vins_project/results/kaist/fog/urban28-pankyo/admission/datasets/val.npz
[OK] test  -> /mnt/sata4t/ivlab3_data/vins_project/results/kaist/fog/urban28-pankyo/admission/datasets/test.npz
[OK] stats -> /mnt/sata4t/ivlab3_data/vins_project/results/kaist/fog/urban28-pankyo/admission/datasets/dataset_stats.json
[OK] feature_table_for_infer -> /mnt/sata4t/ivlab3_data/vins_project/results/kaist/fog/urban28-pankyo/admission/datasets/feature_table_vins.csv
{
  "feature_csv": "/mnt/sata4t/ivlab3_data/vins_project/results/kaist/fog/urban28-pankyo/admission/features/reliability_features_vins.csv",
  "label_csv": "/mnt/sata4t/ivlab3_data/vins_project/results/kaist/fog/urban28-pankyo/admission/labels/reliability_labels_vins.csv",
  "feature_table_csv": "/mnt/sata4t/ivlab3_data/vins_project/results/kaist/fog/urban28-pankyo/admission/datasets/feature_table_vins.csv",
  "feature_names": [
    "current_is_keyframe",
    "feature_tracker_time_ms",
    "tracked_feature_count_raw",
    "tracked_feature_count_mgr",
    "mean_track_vel_px",
    "median_track_vel_px",
    "coverage_4x4",
    "img_dt_sec",
    "imu_sample_count",
    "acc_norm_mean",
    "gyr_norm_mean",
    "avg_track_length"
  ],
  "fill_values": {
    "current_is_keyframe": 1.0,
    "feature_tracker_time_ms": 9.77025032043457,
    "tracked_feature_count_raw": 150.0,
    "tracked_feature_count_mgr": 88.0,
    "mean_track_vel_px": 0.06259699910879135,
    "median_track_vel_px": 0.02509250119328499,
    "coverage_4x4": 0.875,
    "img_dt_sec": 0.09999699890613556,
    "imu_sample_count": 11.0,
    "acc_norm_mean": 9.853374481201172,
    "gyr_norm_mean": 0.03318200260400772,
    "avg_track_length": 2.021665573120117
  },
  "mean": [
    0.6132038235664368,
    9.537910461425781,
    149.9875030517578,
    82.26100158691406,
    0.062479980289936066,
    0.02988792397081852,
    0.886405885219574,
    0.09996402263641357,
    11.000694274902344,
    9.907571792602539,
    0.0573793463408947,
    2.043010950088501
  ],
  "std": [
    0.4870225191116333,
    1.5268409252166748,
    0.4439387619495392,
    31.954044342041016,
    0.03456476330757141,
    0.030435984954237938,
    0.08872624486684799,
    0.002179061761125922,
    0.16329269111156464,
    0.4384048879146576,
    0.07281076163053513,
    0.7288357615470886
  ],
  "seq_len": 8,
  "num_feature_rows_raw": 19727,
  "num_rows_after_merge": 14184,
  "num_dropped_invalid_labels": 5543,
  "num_train_rows": 10088,
  "num_val_rows": 2048,
  "num_test_rows": 2048,
  "num_train_seq": 9948,
  "num_val_seq": 2020,
  "num_test_seq": 2020,
  "num_train_blocks": 20,
  "num_val_blocks": 4,
  "num_test_blocks": 4,
  "train_class_counts": [
    2374,
    4263,
    3451
  ],
  "val_class_counts": [
    264,
    831,
    953
  ],
  "test_class_counts": [
    210,
    559,
    1279
  ],
  "class_map": {
    "harmful": 0,
    "neutral": 1,
    "helpful": 2
  },
  "feature_source": "vins_native_features_v1",
  "drop_invalid_labels": true,
  "split_mode": "block_class_aware",
  "block_size": 512,
  "seed": 42,
  "search_trials": 300
}
[SUCCESS] urban28-pankyo (fog) 完成
[OK] urban28-pankyo 執行成功
>>> [START] urban38-pankyo (fog) <<<
------------------------------------------------------------
>>> [FOG] 執行序列: urban38-pankyo <<<
------------------------------------------------------------
