============================================================
[BATCH START] 模式: FOG
============================================================
>>> [START] urban18-highway (fog) <<<
[INFO] CONFIG_MODE = fog
[INFO] imu_noise_mode -> fog_xsens
------------------------------------------------------------
>>> [FOG] 執行序列: urban18-highway <<<
------------------------------------------------------------
[INFO] 播放完成，正在儲存資料...
Saved: /mnt/sata4t/ivlab3_data/vins_project/results/kaist/fog/urban18-highway/vins_raw/vio.tum
Rows written: 1
Saved: /mnt/sata4t/ivlab3_data/vins_project/results/kaist/fog/urban18-highway/vins_raw/vio_loop.tum
Rows written: 0
--------------------------------------------------------------------------------
Loaded 15631 stamps and poses from: /mnt/sata4t/datasets/kaist_complex_urban/extracted/urban18-highway/pose/urban18-highway/global_pose.tum
Loaded 1 stamps and poses from: /mnt/sata4t/ivlab3_data/vins_project/results/kaist/fog/urban18-highway/vins_raw/vio.tum
--------------------------------------------------------------------------------
Synchronizing trajectories...
[ERROR] found no matching timestamps between /mnt/sata4t/datasets/kaist_complex_urban/extracted/urban18-highway/pose/urban18-highway/global_pose.tum and /mnt/sata4t/ivlab3_data/vins_project/results/kaist/fog/urban18-highway/vins_raw/vio.tum with max. time diff 0.05 (s) and time offset 0.0 (s)
--------------------------------------------------------------------------------
Loaded 15631 stamps and poses from: /mnt/sata4t/datasets/kaist_complex_urban/extracted/urban18-highway/pose/urban18-highway/global_pose.tum
Loaded 1 stamps and poses from: /mnt/sata4t/ivlab3_data/vins_project/results/kaist/fog/urban18-highway/vins_raw/vio.tum
--------------------------------------------------------------------------------
Synchronizing trajectories...
[ERROR] found no matching timestamps between /mnt/sata4t/datasets/kaist_complex_urban/extracted/urban18-highway/pose/urban18-highway/global_pose.tum and /mnt/sata4t/ivlab3_data/vins_project/results/kaist/fog/urban18-highway/vins_raw/vio.tum with max. time diff 0.05 (s) and time offset 0.0 (s)
[OK] labels -> /mnt/sata4t/ivlab3_data/vins_project/results/kaist/fog/urban18-highway/admission/labels/reliability_labels_vins.csv
[OK] summary -> /mnt/sata4t/ivlab3_data/vins_project/results/kaist/fog/urban18-highway/admission/labels/reliability_labels_summary.json
{
  "feature_csv": "/mnt/sata4t/ivlab3_data/vins_project/results/kaist/fog/urban18-highway/admission/features/reliability_features_vins.csv",
  "gt_path": "/mnt/sata4t/datasets/kaist_complex_urban/extracted/urban18-highway/pose/urban18-highway/global_pose.tum",
  "out_csv": "/mnt/sata4t/ivlab3_data/vins_project/results/kaist/fog/urban18-highway/admission/labels/reliability_labels_vins.csv",
  "num_rows": 1,
  "num_valid_labels": 1,
  "class_counts": {
    "harmful": 1,
    "neutral": 0,
    "helpful": 0,
    "invalid": 0
  },
  "horizon_rows": 10,
  "max_match_dt_sec": 0.02,
  "pos_scale": 1.0,
  "rot_scale": 10.0,
  "outlier_scale": 0.409524,
  "helpful_thr": 0.65,
  "harmful_thr": 0.4,
  "label_source": "future_gt_proxy_v2_aligned",
  "note": "GT 先做時間 shift，再用第一個有效 matched pair rigid-align 到 VINS local frame。",
  "feature_first_timestamp": 1544578499.5930412,
  "feature_last_timestamp": 1544578499.5930412,
  "gt_first_timestamp_raw": 1544578500.9188898,
  "gt_last_timestamp_raw": 1544578660.3465414,
  "auto_shift_estimate_from_first_timestamps": -1.3258485794067383,
  "applied_gt_time_shift_sec": -1.3258485794067383,
  "reference_feature_idx": 0,
  "reference_gt_idx": 0,
  "reference_match_dt_sec": 0.0,
  "matched_dt_mean_sec": 0.0,
  "matched_dt_median_sec": 0.0,
  "R_align_quat_xyzw": [
    0.004628030628964309,
    -0.005259669909533593,
    -0.7715861667063544,
    0.6360862398702978
  ],
  "p_align_xyz": [
    -3934927.569792915,
    1107360.6585836322,
    -56923.80985801917
  ]
}
Traceback (most recent call last):
  File "/home/ivlab3/Lucas_ws/Visual/keyframe_pipeline/build_vins_reliability_dataset.py", line 557, in <module>
    main()
  File "/home/ivlab3/Lucas_ws/Visual/keyframe_pipeline/build_vins_reliability_dataset.py", line 553, in main
    builder.run()
  File "/home/ivlab3/Lucas_ws/Visual/keyframe_pipeline/build_vins_reliability_dataset.py", line 455, in run
    raise RuntimeError(f'有效列數太少，至少需要 {self.min_rows} 列，目前只有 {len(merged)} 列')
RuntimeError: 有效列數太少，至少需要 32 列，目前只有 1 列
[FAIL] urban18-highway 執行失敗
>>> [START] urban19-highway (fog) <<<
[INFO] CONFIG_MODE = fog
[INFO] imu_noise_mode -> fog_xsens
------------------------------------------------------------
>>> [FOG] 執行序列: urban19-highway <<<
------------------------------------------------------------
[INFO] 播放完成，正在儲存資料...
Saved: /mnt/sata4t/ivlab3_data/vins_project/results/kaist/fog/urban19-highway/vins_raw/vio.tum
Rows written: 1
Saved: /mnt/sata4t/ivlab3_data/vins_project/results/kaist/fog/urban19-highway/vins_raw/vio_loop.tum
Rows written: 0
--------------------------------------------------------------------------------
Loaded 12592 stamps and poses from: /mnt/sata4t/datasets/kaist_complex_urban/extracted/urban19-highway/pose/urban19-highway/global_pose.tum
Loaded 1 stamps and poses from: /mnt/sata4t/ivlab3_data/vins_project/results/kaist/fog/urban19-highway/vins_raw/vio.tum
--------------------------------------------------------------------------------
Synchronizing trajectories...
[ERROR] found no matching timestamps between /mnt/sata4t/datasets/kaist_complex_urban/extracted/urban19-highway/pose/urban19-highway/global_pose.tum and /mnt/sata4t/ivlab3_data/vins_project/results/kaist/fog/urban19-highway/vins_raw/vio.tum with max. time diff 0.05 (s) and time offset 0.0 (s)
--------------------------------------------------------------------------------
Loaded 12592 stamps and poses from: /mnt/sata4t/datasets/kaist_complex_urban/extracted/urban19-highway/pose/urban19-highway/global_pose.tum
Loaded 1 stamps and poses from: /mnt/sata4t/ivlab3_data/vins_project/results/kaist/fog/urban19-highway/vins_raw/vio.tum
--------------------------------------------------------------------------------
Synchronizing trajectories...
[ERROR] found no matching timestamps between /mnt/sata4t/datasets/kaist_complex_urban/extracted/urban19-highway/pose/urban19-highway/global_pose.tum and /mnt/sata4t/ivlab3_data/vins_project/results/kaist/fog/urban19-highway/vins_raw/vio.tum with max. time diff 0.05 (s) and time offset 0.0 (s)
[OK] labels -> /mnt/sata4t/ivlab3_data/vins_project/results/kaist/fog/urban19-highway/admission/labels/reliability_labels_vins.csv
[OK] summary -> /mnt/sata4t/ivlab3_data/vins_project/results/kaist/fog/urban19-highway/admission/labels/reliability_labels_summary.json
{
  "feature_csv": "/mnt/sata4t/ivlab3_data/vins_project/results/kaist/fog/urban19-highway/admission/features/reliability_features_vins.csv",
  "gt_path": "/mnt/sata4t/datasets/kaist_complex_urban/extracted/urban19-highway/pose/urban19-highway/global_pose.tum",
  "out_csv": "/mnt/sata4t/ivlab3_data/vins_project/results/kaist/fog/urban19-highway/admission/labels/reliability_labels_vins.csv",
  "num_rows": 1,
  "num_valid_labels": 1,
  "class_counts": {
    "harmful": 1,
    "neutral": 0,
    "helpful": 0,
    "invalid": 0
  },
  "horizon_rows": 10,
  "max_match_dt_sec": 0.02,
  "pos_scale": 1.0,
  "rot_scale": 10.0,
  "outlier_scale": 0.441176,
  "helpful_thr": 0.65,
  "harmful_thr": 0.4,
  "label_source": "future_gt_proxy_v2_aligned",
  "note": "GT 先做時間 shift，再用第一個有效 matched pair rigid-align 到 VINS local frame。",
  "feature_first_timestamp": 1544578683.5951543,
  "feature_last_timestamp": 1544578683.5951543,
  "gt_first_timestamp_raw": 1544578684.9205787,
  "gt_last_timestamp_raw": 1544578813.3494794,
  "auto_shift_estimate_from_first_timestamps": -1.3254244327545166,
  "applied_gt_time_shift_sec": -1.3254244327545166,
  "reference_feature_idx": 0,
  "reference_gt_idx": 0,
  "reference_match_dt_sec": 0.0,
  "matched_dt_mean_sec": 0.0,
  "matched_dt_median_sec": 0.0,
  "R_align_quat_xyzw": [
    0.03611755704303353,
    -0.05948952165210899,
    -0.6692828580833616,
    0.7397411538927743
  ],
  "p_align_xyz": [
    -4053846.046610569,
    -78572.16197743257,
    -556128.094851196
  ]
}
Traceback (most recent call last):
  File "/home/ivlab3/Lucas_ws/Visual/keyframe_pipeline/build_vins_reliability_dataset.py", line 557, in <module>
    main()
  File "/home/ivlab3/Lucas_ws/Visual/keyframe_pipeline/build_vins_reliability_dataset.py", line 553, in main
    builder.run()
  File "/home/ivlab3/Lucas_ws/Visual/keyframe_pipeline/build_vins_reliability_dataset.py", line 455, in run
    raise RuntimeError(f'有效列數太少，至少需要 {self.min_rows} 列，目前只有 {len(merged)} 列')
RuntimeError: 有效列數太少，至少需要 32 列，目前只有 1 列
[FAIL] urban19-highway 執行失敗
>>> [START] urban20-highway (fog) <<<
[INFO] CONFIG_MODE = fog
[INFO] imu_noise_mode -> fog_xsens
------------------------------------------------------------
>>> [FOG] 執行序列: urban20-highway <<<
------------------------------------------------------------
[INFO] 播放完成，正在儲存資料...
Saved: /mnt/sata4t/ivlab3_data/vins_project/results/kaist/fog/urban20-highway/vins_raw/vio.tum
Rows written: 2
Saved: /mnt/sata4t/ivlab3_data/vins_project/results/kaist/fog/urban20-highway/vins_raw/vio_loop.tum
Rows written: 0
--------------------------------------------------------------------------------
Loaded 11851 stamps and poses from: /mnt/sata4t/datasets/kaist_complex_urban/extracted/urban20-highway/pose/urban20-highway/global_pose.tum
Loaded 2 stamps and poses from: /mnt/sata4t/ivlab3_data/vins_project/results/kaist/fog/urban20-highway/vins_raw/vio.tum
--------------------------------------------------------------------------------
Synchronizing trajectories...
[ERROR] found no matching timestamps between /mnt/sata4t/datasets/kaist_complex_urban/extracted/urban20-highway/pose/urban20-highway/global_pose.tum and /mnt/sata4t/ivlab3_data/vins_project/results/kaist/fog/urban20-highway/vins_raw/vio.tum with max. time diff 0.05 (s) and time offset 0.0 (s)
--------------------------------------------------------------------------------
Loaded 11851 stamps and poses from: /mnt/sata4t/datasets/kaist_complex_urban/extracted/urban20-highway/pose/urban20-highway/global_pose.tum
Loaded 2 stamps and poses from: /mnt/sata4t/ivlab3_data/vins_project/results/kaist/fog/urban20-highway/vins_raw/vio.tum
--------------------------------------------------------------------------------
Synchronizing trajectories...
[ERROR] found no matching timestamps between /mnt/sata4t/datasets/kaist_complex_urban/extracted/urban20-highway/pose/urban20-highway/global_pose.tum and /mnt/sata4t/ivlab3_data/vins_project/results/kaist/fog/urban20-highway/vins_raw/vio.tum with max. time diff 0.05 (s) and time offset 0.0 (s)
[OK] labels -> /mnt/sata4t/ivlab3_data/vins_project/results/kaist/fog/urban20-highway/admission/labels/reliability_labels_vins.csv
[OK] summary -> /mnt/sata4t/ivlab3_data/vins_project/results/kaist/fog/urban20-highway/admission/labels/reliability_labels_summary.json
{
  "feature_csv": "/mnt/sata4t/ivlab3_data/vins_project/results/kaist/fog/urban20-highway/admission/features/reliability_features_vins.csv",
  "gt_path": "/mnt/sata4t/datasets/kaist_complex_urban/extracted/urban20-highway/pose/urban20-highway/global_pose.tum",
  "out_csv": "/mnt/sata4t/ivlab3_data/vins_project/results/kaist/fog/urban20-highway/admission/labels/reliability_labels_vins.csv",
  "num_rows": 2,
  "num_valid_labels": 2,
  "class_counts": {
    "harmful": 1,
    "neutral": 1,
    "helpful": 0,
    "invalid": 0
  },
  "horizon_rows": 10,
  "max_match_dt_sec": 0.02,
  "pos_scale": 2.992919134162803,
  "rot_scale": 10.0,
  "outlier_scale": 0.271053,
  "helpful_thr": 0.65,
  "harmful_thr": 0.4,
  "label_source": "future_gt_proxy_v2_aligned",
  "note": "GT 先做時間 shift，再用第一個有效 matched pair rigid-align 到 VINS local frame。",
  "feature_first_timestamp": 1544578870.3968728,
  "feature_last_timestamp": 1544578870.4966686,
  "gt_first_timestamp_raw": 1544578871.912649,
  "gt_last_timestamp_raw": 1544578992.7831914,
  "auto_shift_estimate_from_first_timestamps": -1.5157761573791504,
  "applied_gt_time_shift_sec": -1.5157761573791504,
  "reference_feature_idx": 0,
  "reference_gt_idx": 0,
  "reference_match_dt_sec": 0.0,
  "matched_dt_mean_sec": 0.0011070966720581055,
  "matched_dt_median_sec": 0.0011070966720581055,
  "R_align_quat_xyzw": [
    -0.0053506597205877264,
    -0.002591127451875769,
    -0.6649025643461953,
    0.7469064442250691
  ],
  "p_align_xyz": [
    -4094676.5150085245,
    -136339.2124728536,
    14827.259853362815
  ]
}
Traceback (most recent call last):
  File "/home/ivlab3/Lucas_ws/Visual/keyframe_pipeline/build_vins_reliability_dataset.py", line 557, in <module>
    main()
  File "/home/ivlab3/Lucas_ws/Visual/keyframe_pipeline/build_vins_reliability_dataset.py", line 553, in main
    builder.run()
  File "/home/ivlab3/Lucas_ws/Visual/keyframe_pipeline/build_vins_reliability_dataset.py", line 455, in run
    raise RuntimeError(f'有效列數太少，至少需要 {self.min_rows} 列，目前只有 {len(merged)} 列')
RuntimeError: 有效列數太少，至少需要 32 列，目前只有 2 列
[FAIL] urban20-highway 執行失敗
>>> [START] urban21-highway (fog) <<<
[INFO] CONFIG_MODE = fog
[INFO] imu_noise_mode -> fog_xsens
------------------------------------------------------------
>>> [FOG] 執行序列: urban21-highway <<<
------------------------------------------------------------
