============================================================
[BATCH START] 模式: FOG
============================================================
>>> [START] urban28-pankyo (fog) <<<
------------------------------------------------------------
>>> [FOG] 執行序列: urban28-pankyo <<<
------------------------------------------------------------
[INFO] 播放完成，正在儲存資料...
Saved: /mnt/sata4t/ivlab3_data/vins_project/results/kaist/fog/urban28-pankyo/vins_raw/vio.tum
Rows written: 19735
Saved: /mnt/sata4t/ivlab3_data/vins_project/results/kaist/fog/urban28-pankyo/vins_raw/vio_loop.tum
Rows written: 1934
--------------------------------------------------------------------------------
Loaded 136903 stamps and poses from: /mnt/sata4t/datasets/kaist_complex_urban/extracted/urban28-pankyo/pose/urban28-pankyo/global_pose.tum
Loaded 19735 stamps and poses from: /mnt/sata4t/ivlab3_data/vins_project/results/kaist/fog/urban28-pankyo/vins_raw/vio.tum
--------------------------------------------------------------------------------
Synchronizing trajectories...
Found 14028 of max. 19735 possible matching timestamps between...
	/mnt/sata4t/datasets/kaist_complex_urban/extracted/urban28-pankyo/pose/urban28-pankyo/global_pose.tum
and:	/mnt/sata4t/ivlab3_data/vins_project/results/kaist/fog/urban28-pankyo/vins_raw/vio.tum
..with max. time diff.: 0.05 (s) and time offset: 0.0 (s).
--------------------------------------------------------------------------------
Aligning using Umeyama's method...
Rotation of alignment:
[[ 0.06921337 -0.99759353  0.00408228]
 [ 0.99750995  0.06926197  0.01329186]
 [-0.01354262  0.00315214  0.99990333]]
Translation of alignment:
[3.32448857e+05 4.14066998e+06 3.30217486e+01]
Scale correction: 1.0
--------------------------------------------------------------------------------
Compared 14028 absolute pose pairs.
Calculating APE for translation part pose relation...
--------------------------------------------------------------------------------
APE w.r.t. translation part (m)
(with SE(3) Umeyama alignment)

       max	61.943720
      mean	15.418983
    median	12.487733
       min	2.015198
      rmse	19.001845
       sse	5065091.805287
       std	11.105183

--------------------------------------------------------------------------------
Loaded 136903 stamps and poses from: /mnt/sata4t/datasets/kaist_complex_urban/extracted/urban28-pankyo/pose/urban28-pankyo/global_pose.tum
Loaded 19735 stamps and poses from: /mnt/sata4t/ivlab3_data/vins_project/results/kaist/fog/urban28-pankyo/vins_raw/vio.tum
--------------------------------------------------------------------------------
Synchronizing trajectories...
Found 14028 of max. 19735 possible matching timestamps between...
	/mnt/sata4t/datasets/kaist_complex_urban/extracted/urban28-pankyo/pose/urban28-pankyo/global_pose.tum
and:	/mnt/sata4t/ivlab3_data/vins_project/results/kaist/fog/urban28-pankyo/vins_raw/vio.tum
..with max. time diff.: 0.05 (s) and time offset: 0.0 (s).
--------------------------------------------------------------------------------
Aligning using Umeyama's method...
Rotation of alignment:
[[ 0.06921337 -0.99759353  0.00408228]
 [ 0.99750995  0.06926197  0.01329186]
 [-0.01354262  0.00315214  0.99990333]]
Translation of alignment:
[3.32448857e+05 4.14066998e+06 3.30217486e+01]
Scale correction: 1.0
--------------------------------------------------------------------------------
Found 1042 pairs with delta 10.0 (m) among 14028 poses using consecutive pairs.
Compared 1042 relative pose pairs, delta = 10.0 (m) with consecutive pairs.
Calculating RPE for translation part pose relation...
--------------------------------------------------------------------------------
RPE w.r.t. translation part (m)
for delta = 10.0 (m) using consecutive pairs
(with SE(3) Umeyama alignment)

       max	4.193384
      mean	0.442971
    median	0.323160
       min	0.051242
      rmse	0.573776
       sse	343.045925
       std	0.364685

--------------------------------------------------------------------------------
Loaded 136903 stamps and poses from: /mnt/sata4t/datasets/kaist_complex_urban/extracted/urban28-pankyo/pose/urban28-pankyo/global_pose.tum
Loaded 1934 stamps and poses from: /mnt/sata4t/ivlab3_data/vins_project/results/kaist/fog/urban28-pankyo/vins_raw/vio_loop.tum
--------------------------------------------------------------------------------
Synchronizing trajectories...
Found 1930 of max. 1934 possible matching timestamps between...
	/mnt/sata4t/datasets/kaist_complex_urban/extracted/urban28-pankyo/pose/urban28-pankyo/global_pose.tum
and:	/mnt/sata4t/ivlab3_data/vins_project/results/kaist/fog/urban28-pankyo/vins_raw/vio_loop.tum
..with max. time diff.: 0.05 (s) and time offset: 0.0 (s).
--------------------------------------------------------------------------------
Aligning using Umeyama's method...
Rotation of alignment:
[[ 4.41177255e-02 -9.99026206e-01  5.15394187e-04]
 [ 9.98987841e-01  4.41205486e-02  8.75616635e-03]
 [-8.77037913e-03  1.28570383e-04  9.99961531e-01]]
Translation of alignment:
[3.32455261e+05 4.14064346e+06 2.17288591e+01]
Scale correction: 1.0
--------------------------------------------------------------------------------
Compared 1930 absolute pose pairs.
Calculating APE for translation part pose relation...
--------------------------------------------------------------------------------
APE w.r.t. translation part (m)
(with SE(3) Umeyama alignment)

       max	32.140235
      mean	15.491736
    median	13.845207
       min	4.603649
      rmse	16.811657
       sse	545479.393783
       std	6.529773

--------------------------------------------------------------------------------
Loaded 136903 stamps and poses from: /mnt/sata4t/datasets/kaist_complex_urban/extracted/urban28-pankyo/pose/urban28-pankyo/global_pose.tum
Loaded 1934 stamps and poses from: /mnt/sata4t/ivlab3_data/vins_project/results/kaist/fog/urban28-pankyo/vins_raw/vio_loop.tum
--------------------------------------------------------------------------------
Synchronizing trajectories...
Found 1930 of max. 1934 possible matching timestamps between...
	/mnt/sata4t/datasets/kaist_complex_urban/extracted/urban28-pankyo/pose/urban28-pankyo/global_pose.tum
and:	/mnt/sata4t/ivlab3_data/vins_project/results/kaist/fog/urban28-pankyo/vins_raw/vio_loop.tum
..with max. time diff.: 0.05 (s) and time offset: 0.0 (s).
--------------------------------------------------------------------------------
Aligning using Umeyama's method...
Rotation of alignment:
[[ 4.41177255e-02 -9.99026206e-01  5.15394187e-04]
 [ 9.98987841e-01  4.41205486e-02  8.75616635e-03]
 [-8.77037913e-03  1.28570383e-04  9.99961531e-01]]
Translation of alignment:
[3.32455261e+05 4.14064346e+06 2.17288591e+01]
Scale correction: 1.0
--------------------------------------------------------------------------------
Found 801 pairs with delta 10.0 (m) among 1930 poses using consecutive pairs.
Compared 801 relative pose pairs, delta = 10.0 (m) with consecutive pairs.
Calculating RPE for translation part pose relation...
--------------------------------------------------------------------------------
RPE w.r.t. translation part (m)
for delta = 10.0 (m) using consecutive pairs
(with SE(3) Umeyama alignment)

       max	4.166764
      mean	0.563936
    median	0.413387
       min	0.042884
      rmse	0.715530
       sse	410.098133
       std	0.440408

[OK] labels -> /mnt/sata4t/ivlab3_data/vins_project/results/kaist/fog/urban28-pankyo/admission/labels/reliability_labels_vins.csv
[OK] summary -> /mnt/sata4t/ivlab3_data/vins_project/results/kaist/fog/urban28-pankyo/admission/labels/reliability_labels_summary.json
{
  "feature_csv": "/mnt/sata4t/ivlab3_data/vins_project/results/kaist/fog/urban28-pankyo/admission/features/reliability_features_vins.csv",
  "gt_path": "/mnt/sata4t/datasets/kaist_complex_urban/extracted/urban28-pankyo/pose/urban28-pankyo/global_pose.tum",
  "out_csv": "/mnt/sata4t/ivlab3_data/vins_project/results/kaist/fog/urban28-pankyo/admission/labels/reliability_labels_vins.csv",
  "num_rows": 19734,
  "num_valid_labels": 14184,
  "class_counts": {
    "harmful": 1068,
    "neutral": 9123,
    "helpful": 3993,
    "invalid": 5550
  },
  "horizon_rows": 10,
  "max_match_dt_sec": 0.02,
  "pos_scale": 174.5865820432852,
  "rot_scale": 43.033614249368874,
  "outlier_scale": 0.05,
  "helpful_thr": 0.65,
  "harmful_thr": 0.4,
  "label_source": "future_gt_proxy_v2_aligned",
  "note": "GT 先做時間 shift，再用第一個有效 matched pair rigid-align 到 VINS local frame。",
  "feature_first_timestamp": 1544590799.799874,
  "feature_last_timestamp": 1544592773.1301432,
  "gt_first_timestamp_raw": 1544590814.5035336,
  "gt_last_timestamp_raw": 1544592773.1618855,
  "auto_shift_estimate_from_first_timestamps": -14.703659534454346,
  "applied_gt_time_shift_sec": -14.703659534454346,
  "reference_feature_idx": 0,
  "reference_gt_idx": 0,
  "reference_match_dt_sec": 0.0,
  "matched_dt_mean_sec": 0.0025736863242361288,
  "matched_dt_median_sec": 0.002562284469604492,
  "R_align_quat_xyzw": [
    -0.0006217366332127833,
    0.0020743963450383365,
    -0.7050561145685504,
    0.7091482113302281
  ],
  "p_align_xyz": [
    -4142441.0618598945,
    308474.90526138584,
    16431.77502451213
  ]
}
[OK] dataset -> /mnt/sata4t/ivlab3_data/vins_project/results/kaist/fog/urban28-pankyo/admission/datasets
[OK] train -> /mnt/sata4t/ivlab3_data/vins_project/results/kaist/fog/urban28-pankyo/admission/datasets/train.npz
[OK] val   -> /mnt/sata4t/ivlab3_data/vins_project/results/kaist/fog/urban28-pankyo/admission/datasets/val.npz
[OK] test  -> /mnt/sata4t/ivlab3_data/vins_project/results/kaist/fog/urban28-pankyo/admission/datasets/test.npz
[OK] stats -> /mnt/sata4t/ivlab3_data/vins_project/results/kaist/fog/urban28-pankyo/admission/datasets/dataset_stats.json
[OK] feature_table_for_infer -> /mnt/sata4t/ivlab3_data/vins_project/results/kaist/fog/urban28-pankyo/admission/datasets/feature_table_vins.csv
{
  "feature_csv": "/mnt/sata4t/ivlab3_data/vins_project/results/kaist/fog/urban28-pankyo/admission/features/reliability_features_vins.csv",
  "label_csv": "/mnt/sata4t/ivlab3_data/vins_project/results/kaist/fog/urban28-pankyo/admission/labels/reliability_labels_vins.csv",
  "feature_table_csv": "/mnt/sata4t/ivlab3_data/vins_project/results/kaist/fog/urban28-pankyo/admission/datasets/feature_table_vins.csv",
  "feature_names": [
    "current_is_keyframe",
    "feature_tracker_time_ms",
    "tracked_feature_count_raw",
    "tracked_feature_count_mgr",
    "mean_track_vel_px",
    "median_track_vel_px",
    "coverage_4x4",
    "img_dt_sec",
    "imu_sample_count",
    "acc_norm_mean",
    "gyr_norm_mean",
    "avg_track_length"
  ],
  "fill_values": {
    "current_is_keyframe": 0.0,
    "feature_tracker_time_ms": 9.677684783935547,
    "tracked_feature_count_raw": 150.0,
    "tracked_feature_count_mgr": 121.0,
    "mean_track_vel_px": 0.07367049902677536,
    "median_track_vel_px": 0.031861498951911926,
    "coverage_4x4": 0.875,
    "img_dt_sec": 0.09999799728393555,
    "imu_sample_count": 11.0,
    "acc_norm_mean": 9.852825164794922,
    "gyr_norm_mean": 0.03290550038218498,
    "avg_track_length": 2.3521969318389893
  },
  "mean": [
    0.46163758635520935,
    9.182134628295898,
    149.983154296875,
    121.66802215576172,
    0.07409206032752991,
    0.04583597183227539,
    0.8861766457557678,
    0.1000012457370758,
    11.000495910644531,
    9.909453392028809,
    0.054806459695100784,
    2.6014981269836426
  ],
  "std": [
    0.4985308349132538,
    2.0386176109313965,
    0.47424080967903137,
    17.55523681640625,
    0.051107440143823624,
    0.05891592055559158,
    0.08636582642793655,
    0.0006755112553946674,
    0.17330686748027802,
    0.42719125747680664,
    0.07130351662635803,
    0.9171047806739807
  ],
  "seq_len": 8,
  "num_feature_rows_raw": 19734,
  "num_rows_after_merge": 14184,
  "num_dropped_invalid_labels": 5550,
  "num_train_rows": 10088,
  "num_val_rows": 2048,
  "num_test_rows": 2048,
  "num_train_seq": 9948,
  "num_val_seq": 2020,
  "num_test_seq": 2020,
  "num_train_blocks": 20,
  "num_val_blocks": 4,
  "num_test_blocks": 4,
  "train_class_counts": [
    973,
    6402,
    2713
  ],
  "val_class_counts": [
    48,
    1359,
    641
  ],
  "test_class_counts": [
    47,
    1362,
    639
  ],
  "class_map": {
    "harmful": 0,
    "neutral": 1,
    "helpful": 2
  },
  "feature_source": "vins_native_features_v1",
  "drop_invalid_labels": true,
  "split_mode": "block_class_aware",
  "block_size": 512,
  "seed": 42,
  "search_trials": 300
}
[SUCCESS] urban28-pankyo (fog) 完成
[OK] urban28-pankyo 執行成功
>>> [START] urban38-pankyo (fog) <<<
------------------------------------------------------------
>>> [FOG] 執行序列: urban38-pankyo <<<
------------------------------------------------------------
