============================================================
[BATCH START]
MODE                : fog
PLAYER_TEMPLATE     : /home/ivlab3/vins_ws/src/kaist_player/config/urban28_pankyo_fog.yaml
VINS_IMU_NOISE_MODE : fog_xsens
============================================================

>>> [START] urban18-highway
    MODE                : fog
    VINS_IMU_NOISE_MODE : fog_xsens
    SEQ_ROOT            : /mnt/sata4t/datasets/kaist_complex_urban/extracted/urban18-highway
    GT_TUM              : /mnt/sata4t/datasets/kaist_complex_urban/extracted/urban18-highway/pose/urban18-highway/global_pose.tum
<<<
[INFO] Generated configs
[INFO] CONFIG_MODE              = fog
[INFO] PLAYER_IMU_SOURCE        = fog_xsens
[INFO] VINS_IMU_NOISE_MODE      = fog_xsens
[INFO] TMP_PLAYER_CONFIG        = /mnt/sata4t/ivlab3_data/vins_project/results/kaist/fog/urban18-highway/logs/kaist_player_config.yaml
[INFO] TMP_VINS_CONFIG          = /home/ivlab3/vins_ws/src/VINS-Fusion-ROS2-jazzy/config/kaist/vins_config_tmp_fog_fog_xsens_urban18-highway.yaml
------------------------------------------------------------
>>> 執行序列: urban18-highway
    CONFIG_MODE         : fog
    PLAYER_IMU_SOURCE   : fog_xsens
    VINS_IMU_NOISE_MODE : fog_xsens
    RESULT_ROOT         : /mnt/sata4t/ivlab3_data/vins_project/results/kaist/fog/urban18-highway
------------------------------------------------------------
[INFO] 播放完成，等待 VINS 寫檔...
Saved: /mnt/sata4t/ivlab3_data/vins_project/results/kaist/fog/urban18-highway/vins_raw/vio.tum
Rows written: 2
Saved: /mnt/sata4t/ivlab3_data/vins_project/results/kaist/fog/urban18-highway/vins_raw/vio_loop.tum
Rows written: 0
--------------------------------------------------------------------------------
Loaded 15631 stamps and poses from: /mnt/sata4t/datasets/kaist_complex_urban/extracted/urban18-highway/pose/urban18-highway/global_pose.tum
Loaded 2 stamps and poses from: /mnt/sata4t/ivlab3_data/vins_project/results/kaist/fog/urban18-highway/vins_raw/vio.tum
--------------------------------------------------------------------------------
Synchronizing trajectories...
[ERROR] found no matching timestamps between /mnt/sata4t/datasets/kaist_complex_urban/extracted/urban18-highway/pose/urban18-highway/global_pose.tum and /mnt/sata4t/ivlab3_data/vins_project/results/kaist/fog/urban18-highway/vins_raw/vio.tum with max. time diff 0.05 (s) and time offset 0.0 (s)
--------------------------------------------------------------------------------
Loaded 15631 stamps and poses from: /mnt/sata4t/datasets/kaist_complex_urban/extracted/urban18-highway/pose/urban18-highway/global_pose.tum
Loaded 2 stamps and poses from: /mnt/sata4t/ivlab3_data/vins_project/results/kaist/fog/urban18-highway/vins_raw/vio.tum
--------------------------------------------------------------------------------
Synchronizing trajectories...
[ERROR] found no matching timestamps between /mnt/sata4t/datasets/kaist_complex_urban/extracted/urban18-highway/pose/urban18-highway/global_pose.tum and /mnt/sata4t/ivlab3_data/vins_project/results/kaist/fog/urban18-highway/vins_raw/vio.tum with max. time diff 0.05 (s) and time offset 0.0 (s)
[OK] labels -> /mnt/sata4t/ivlab3_data/vins_project/results/kaist/fog/urban18-highway/admission/labels/reliability_labels_vins.csv
[OK] summary -> /mnt/sata4t/ivlab3_data/vins_project/results/kaist/fog/urban18-highway/admission/labels/reliability_labels_summary.json
{
  "feature_csv": "/mnt/sata4t/ivlab3_data/vins_project/results/kaist/fog/urban18-highway/admission/features/reliability_features_vins.csv",
  "gt_path": "/mnt/sata4t/datasets/kaist_complex_urban/extracted/urban18-highway/pose/urban18-highway/global_pose.tum",
  "out_csv": "/mnt/sata4t/ivlab3_data/vins_project/results/kaist/fog/urban18-highway/admission/labels/reliability_labels_vins.csv",
  "num_rows": 2,
  "num_valid_labels": 2,
  "class_counts": {
    "harmful": 1,
    "neutral": 1,
    "helpful": 0,
    "invalid": 0
  },
  "horizon_rows": 10,
  "max_match_dt_sec": 0.02,
  "pos_scale": 1.8032121732282786,
  "rot_scale": 10.0,
  "outlier_scale": 0.11719274999999998,
  "helpful_thr": 0.65,
  "harmful_thr": 0.4,
  "label_source": "future_gt_proxy_v2_aligned",
  "note": "GT 先做時間 shift，再用第一個有效 matched pair rigid-align 到 VINS local frame。",
  "feature_first_timestamp": 1544578499.5930412,
  "feature_last_timestamp": 1544578499.6928883,
  "gt_first_timestamp_raw": 1544578500.9188898,
  "gt_last_timestamp_raw": 1544578660.3465414,
  "auto_shift_estimate_from_first_timestamps": -1.3258485794067383,
  "applied_gt_time_shift_sec": -1.3258485794067383,
  "reference_feature_idx": 0,
  "reference_gt_idx": 0,
  "reference_match_dt_sec": 0.0,
  "matched_dt_mean_sec": 0.0010634660720825195,
  "matched_dt_median_sec": 0.0010634660720825195,
  "R_align_quat_xyzw": [
    0.1233388986993322,
    -0.06521003390527044,
    -0.7759700744635573,
    0.6151468207531686
  ],
  "p_align_xyz": [
    -3752490.0814834973,
    1282769.638885527,
    -993184.5805190945
  ]
}
Traceback (most recent call last):
  File "/home/ivlab3/Lucas_ws/Visual/keyframe_pipeline/build_vins_reliability_dataset.py", line 557, in <module>
    main()
  File "/home/ivlab3/Lucas_ws/Visual/keyframe_pipeline/build_vins_reliability_dataset.py", line 553, in main
    builder.run()
  File "/home/ivlab3/Lucas_ws/Visual/keyframe_pipeline/build_vins_reliability_dataset.py", line 455, in run
    raise RuntimeError(f'有效列數太少，至少需要 {self.min_rows} 列，目前只有 {len(merged)} 列')
RuntimeError: 有效列數太少，至少需要 32 列，目前只有 2 列
[INFO] cleanup...
[FAIL] urban18-highway 執行失敗 (fog, fog_xsens)

>>> [START] urban19-highway
    MODE                : fog
    VINS_IMU_NOISE_MODE : fog_xsens
    SEQ_ROOT            : /mnt/sata4t/datasets/kaist_complex_urban/extracted/urban19-highway
    GT_TUM              : /mnt/sata4t/datasets/kaist_complex_urban/extracted/urban19-highway/pose/urban19-highway/global_pose.tum
<<<
[INFO] Generated configs
[INFO] CONFIG_MODE              = fog
[INFO] PLAYER_IMU_SOURCE        = fog_xsens
[INFO] VINS_IMU_NOISE_MODE      = fog_xsens
[INFO] TMP_PLAYER_CONFIG        = /mnt/sata4t/ivlab3_data/vins_project/results/kaist/fog/urban19-highway/logs/kaist_player_config.yaml
[INFO] TMP_VINS_CONFIG          = /home/ivlab3/vins_ws/src/VINS-Fusion-ROS2-jazzy/config/kaist/vins_config_tmp_fog_fog_xsens_urban19-highway.yaml
------------------------------------------------------------
>>> 執行序列: urban19-highway
    CONFIG_MODE         : fog
    PLAYER_IMU_SOURCE   : fog_xsens
    VINS_IMU_NOISE_MODE : fog_xsens
    RESULT_ROOT         : /mnt/sata4t/ivlab3_data/vins_project/results/kaist/fog/urban19-highway
------------------------------------------------------------
[INFO] 播放完成，等待 VINS 寫檔...
Saved: /mnt/sata4t/ivlab3_data/vins_project/results/kaist/fog/urban19-highway/vins_raw/vio.tum
Rows written: 38
Saved: /mnt/sata4t/ivlab3_data/vins_project/results/kaist/fog/urban19-highway/vins_raw/vio_loop.tum
Rows written: 19
--------------------------------------------------------------------------------
Loaded 12592 stamps and poses from: /mnt/sata4t/datasets/kaist_complex_urban/extracted/urban19-highway/pose/urban19-highway/global_pose.tum
Loaded 38 stamps and poses from: /mnt/sata4t/ivlab3_data/vins_project/results/kaist/fog/urban19-highway/vins_raw/vio.tum
--------------------------------------------------------------------------------
Synchronizing trajectories...
Found 24 of max. 38 possible matching timestamps between...
	/mnt/sata4t/datasets/kaist_complex_urban/extracted/urban19-highway/pose/urban19-highway/global_pose.tum
and:	/mnt/sata4t/ivlab3_data/vins_project/results/kaist/fog/urban19-highway/vins_raw/vio.tum
..with max. time diff.: 0.05 (s) and time offset: 0.0 (s).
--------------------------------------------------------------------------------
Aligning using Umeyama's method...
Rotation of alignment:
[[ 0.22556951 -0.45648031 -0.86066493]
 [ 0.97012498  0.02426211  0.24138946]
 [-0.08930799 -0.88940265  0.44831574]]
Translation of alignment:
[3.37311569e+05 4.07857948e+06 1.99578542e+01]
Scale correction: 1.0
--------------------------------------------------------------------------------
Compared 24 absolute pose pairs.
Calculating APE for translation part pose relation...
--------------------------------------------------------------------------------
APE w.r.t. translation part (m)
(with SE(3) Umeyama alignment)

       max	4.074307
      mean	1.766770
    median	1.832304
       min	0.221789
      rmse	2.036317
       sse	99.518109
       std	1.012477

--------------------------------------------------------------------------------
Loaded 12592 stamps and poses from: /mnt/sata4t/datasets/kaist_complex_urban/extracted/urban19-highway/pose/urban19-highway/global_pose.tum
Loaded 38 stamps and poses from: /mnt/sata4t/ivlab3_data/vins_project/results/kaist/fog/urban19-highway/vins_raw/vio.tum
--------------------------------------------------------------------------------
Synchronizing trajectories...
Found 24 of max. 38 possible matching timestamps between...
	/mnt/sata4t/datasets/kaist_complex_urban/extracted/urban19-highway/pose/urban19-highway/global_pose.tum
and:	/mnt/sata4t/ivlab3_data/vins_project/results/kaist/fog/urban19-highway/vins_raw/vio.tum
..with max. time diff.: 0.05 (s) and time offset: 0.0 (s).
--------------------------------------------------------------------------------
Aligning using Umeyama's method...
Rotation of alignment:
[[ 0.22556951 -0.45648031 -0.86066493]
 [ 0.97012498  0.02426211  0.24138946]
 [-0.08930799 -0.88940265  0.44831574]]
Translation of alignment:
[3.37311569e+05 4.07857948e+06 1.99578542e+01]
Scale correction: 1.0
--------------------------------------------------------------------------------
Found 4 pairs with delta 10.0 (m) among 24 poses using consecutive pairs.
Compared 4 relative pose pairs, delta = 10.0 (m) with consecutive pairs.
Calculating RPE for translation part pose relation...
--------------------------------------------------------------------------------
RPE w.r.t. translation part (m)
for delta = 10.0 (m) using consecutive pairs
(with SE(3) Umeyama alignment)

       max	1.451179
      mean	1.150363
    median	1.146659
       min	0.856955
      rmse	1.169885
       sse	5.474523
       std	0.212827

--------------------------------------------------------------------------------
Loaded 12592 stamps and poses from: /mnt/sata4t/datasets/kaist_complex_urban/extracted/urban19-highway/pose/urban19-highway/global_pose.tum
Loaded 19 stamps and poses from: /mnt/sata4t/ivlab3_data/vins_project/results/kaist/fog/urban19-highway/vins_raw/vio_loop.tum
--------------------------------------------------------------------------------
Synchronizing trajectories...
Found 15 of max. 19 possible matching timestamps between...
	/mnt/sata4t/datasets/kaist_complex_urban/extracted/urban19-highway/pose/urban19-highway/global_pose.tum
and:	/mnt/sata4t/ivlab3_data/vins_project/results/kaist/fog/urban19-highway/vins_raw/vio_loop.tum
..with max. time diff.: 0.05 (s) and time offset: 0.0 (s).
--------------------------------------------------------------------------------
Aligning using Umeyama's method...
Rotation of alignment:
[[ 0.22058648 -0.49792525 -0.83869664]
 [ 0.97091941  0.03006927  0.23751072]
 [-0.09304359 -0.8666985   0.49007816]]
Translation of alignment:
[3.37311728e+05 4.07857954e+06 1.98474606e+01]
Scale correction: 1.0
--------------------------------------------------------------------------------
Compared 15 absolute pose pairs.
Calculating APE for translation part pose relation...
--------------------------------------------------------------------------------
APE w.r.t. translation part (m)
(with SE(3) Umeyama alignment)

       max	3.434393
      mean	1.618858
    median	1.561023
       min	0.192404
      rmse	1.856764
       sse	51.713599
       std	0.909326

--------------------------------------------------------------------------------
Loaded 12592 stamps and poses from: /mnt/sata4t/datasets/kaist_complex_urban/extracted/urban19-highway/pose/urban19-highway/global_pose.tum
Loaded 19 stamps and poses from: /mnt/sata4t/ivlab3_data/vins_project/results/kaist/fog/urban19-highway/vins_raw/vio_loop.tum
--------------------------------------------------------------------------------
Synchronizing trajectories...
Found 15 of max. 19 possible matching timestamps between...
	/mnt/sata4t/datasets/kaist_complex_urban/extracted/urban19-highway/pose/urban19-highway/global_pose.tum
and:	/mnt/sata4t/ivlab3_data/vins_project/results/kaist/fog/urban19-highway/vins_raw/vio_loop.tum
..with max. time diff.: 0.05 (s) and time offset: 0.0 (s).
--------------------------------------------------------------------------------
Aligning using Umeyama's method...
Rotation of alignment:
[[ 0.22058648 -0.49792525 -0.83869664]
 [ 0.97091941  0.03006927  0.23751072]
 [-0.09304359 -0.8666985   0.49007816]]
Translation of alignment:
[3.37311728e+05 4.07857954e+06 1.98474606e+01]
Scale correction: 1.0
--------------------------------------------------------------------------------
Found 3 pairs with delta 10.0 (m) among 15 poses using consecutive pairs.
Compared 3 relative pose pairs, delta = 10.0 (m) with consecutive pairs.
Calculating RPE for translation part pose relation...
--------------------------------------------------------------------------------
RPE w.r.t. translation part (m)
for delta = 10.0 (m) using consecutive pairs
(with SE(3) Umeyama alignment)

       max	1.401692
      mean	1.288036
    median	1.366537
       min	1.095880
      rmse	1.295263
       sse	5.033116
       std	0.136631

[OK] labels -> /mnt/sata4t/ivlab3_data/vins_project/results/kaist/fog/urban19-highway/admission/labels/reliability_labels_vins.csv
[OK] summary -> /mnt/sata4t/ivlab3_data/vins_project/results/kaist/fog/urban19-highway/admission/labels/reliability_labels_summary.json
{
  "feature_csv": "/mnt/sata4t/ivlab3_data/vins_project/results/kaist/fog/urban19-highway/admission/features/reliability_features_vins.csv",
  "gt_path": "/mnt/sata4t/datasets/kaist_complex_urban/extracted/urban19-highway/pose/urban19-highway/global_pose.tum",
  "out_csv": "/mnt/sata4t/ivlab3_data/vins_project/results/kaist/fog/urban19-highway/admission/labels/reliability_labels_vins.csv",
  "num_rows": 38,
  "num_valid_labels": 38,
  "class_counts": {
    "harmful": 1,
    "neutral": 37,
    "helpful": 0,
    "invalid": 0
  },
  "horizon_rows": 10,
  "max_match_dt_sec": 0.02,
  "pos_scale": 13.962038296682318,
  "rot_scale": 10.0,
  "outlier_scale": 0.05,
  "helpful_thr": 0.65,
  "harmful_thr": 0.4,
  "label_source": "future_gt_proxy_v2_aligned",
  "note": "GT 先做時間 shift，再用第一個有效 matched pair rigid-align 到 VINS local frame。",
  "feature_first_timestamp": 1544578683.5951543,
  "feature_last_timestamp": 1544578687.2953508,
  "gt_first_timestamp_raw": 1544578684.9205787,
  "gt_last_timestamp_raw": 1544578813.3494794,
  "auto_shift_estimate_from_first_timestamps": -1.3254244327545166,
  "applied_gt_time_shift_sec": -1.3254244327545166,
  "reference_feature_idx": 0,
  "reference_gt_idx": 0,
  "reference_match_dt_sec": 0.0,
  "matched_dt_mean_sec": 0.0024261098158986946,
  "matched_dt_median_sec": 0.0025517940521240234,
  "R_align_quat_xyzw": [
    0.12050899473562286,
    0.05533410968683777,
    -0.647327089752056,
    0.7505886738861094
  ],
  "p_align_xyz": [
    -4070364.3602338526,
    -218715.95981339618,
    -365028.62058718345
  ]
}
Traceback (most recent call last):
  File "/home/ivlab3/Lucas_ws/Visual/keyframe_pipeline/build_vins_reliability_dataset.py", line 557, in <module>
    main()
  File "/home/ivlab3/Lucas_ws/Visual/keyframe_pipeline/build_vins_reliability_dataset.py", line 553, in main
    builder.run()
  File "/home/ivlab3/Lucas_ws/Visual/keyframe_pipeline/build_vins_reliability_dataset.py", line 462, in run
    split_blocks = self._class_aware_block_split(merged)
  File "/home/ivlab3/Lucas_ws/Visual/keyframe_pipeline/build_vins_reliability_dataset.py", line 341, in _class_aware_block_split
    raise RuntimeError('block_class_aware 需要至少 3 個有效 block')
RuntimeError: block_class_aware 需要至少 3 個有效 block
[INFO] cleanup...
[FAIL] urban19-highway 執行失敗 (fog, fog_xsens)

>>> [START] urban20-highway
    MODE                : fog
    VINS_IMU_NOISE_MODE : fog_xsens
    SEQ_ROOT            : /mnt/sata4t/datasets/kaist_complex_urban/extracted/urban20-highway
    GT_TUM              : /mnt/sata4t/datasets/kaist_complex_urban/extracted/urban20-highway/pose/urban20-highway/global_pose.tum
<<<
[INFO] Generated configs
[INFO] CONFIG_MODE              = fog
[INFO] PLAYER_IMU_SOURCE        = fog_xsens
[INFO] VINS_IMU_NOISE_MODE      = fog_xsens
[INFO] TMP_PLAYER_CONFIG        = /mnt/sata4t/ivlab3_data/vins_project/results/kaist/fog/urban20-highway/logs/kaist_player_config.yaml
[INFO] TMP_VINS_CONFIG          = /home/ivlab3/vins_ws/src/VINS-Fusion-ROS2-jazzy/config/kaist/vins_config_tmp_fog_fog_xsens_urban20-highway.yaml
------------------------------------------------------------
>>> 執行序列: urban20-highway
    CONFIG_MODE         : fog
    PLAYER_IMU_SOURCE   : fog_xsens
    VINS_IMU_NOISE_MODE : fog_xsens
    RESULT_ROOT         : /mnt/sata4t/ivlab3_data/vins_project/results/kaist/fog/urban20-highway
------------------------------------------------------------
[FAIL] urban20-highway 執行失敗 (fog, fog_xsens)
